<?xml version="1.0" encoding="UTF-8"?>
<!-- Generated by org.testng.reporters.JUnitReportReporter -->
<testsuite skipped="0" hostname="Tagtual" name="api_testing.PostAPITest" tests="1" failures="0" timestamp="08 Jul 2019 06:44:07 GMT" time="1.159" errors="0">
  <testcase name="postAPITest" time="1.159" classname="api_testing.PostAPITest"/>
</testsuite> <!-- api_testing.PostAPITest -->
