<?xml version="1.0" encoding="UTF-8"?>
<!-- Generated by org.testng.reporters.JUnitReportReporter -->
<testsuite skipped="0" hostname="Tagtual" name="api_testing.Login" tests="1" failures="0" timestamp="08 Jul 2019 07:10:11 GMT" time="1.582" errors="0">
  <testcase name="postAPITest" time="1.582" classname="api_testing.Login"/>
</testsuite> <!-- api_testing.Login -->
