<?xml version="1.0" encoding="UTF-8"?>
<!-- Generated by org.testng.reporters.JUnitReportReporter -->
<testsuite skipped="0" hostname="Tagtual" name="api_testing.GetAPITest" tests="2" failures="0" timestamp="08 Jul 2019 06:24:29 GMT" time="1.013" errors="0">
  <testcase name="getAPITestWithoutHeaders" time="0.910" classname="api_testing.GetAPITest"/>
  <testcase name="getAPITestWithHeaders" time="0.103" classname="api_testing.GetAPITest"/>
</testsuite> <!-- api_testing.GetAPITest -->
